[debug] [2019-08-19T21:12:54.025Z] ----------------------------------------------------------------------
[debug] [2019-08-19T21:12:54.027Z] Command:       C:\Program Files\nodejs\node.exe C:\Users\Raphael\Desktop\lapointeducul\node_modules\firebase-tools\lib\bin\firebase.js deploy
[debug] [2019-08-19T21:12:54.028Z] CLI Version:   6.10.0
[debug] [2019-08-19T21:12:54.028Z] Platform:      win32
[debug] [2019-08-19T21:12:54.028Z] Node Version:  v10.16.0
[debug] [2019-08-19T21:12:54.029Z] Time:          Mon Aug 19 2019 23:12:54 GMT+0200 (GMT+02:00)
[debug] [2019-08-19T21:12:54.029Z] ----------------------------------------------------------------------
[debug] 
[debug] [2019-08-19T21:12:54.037Z] > command requires scopes: ["email","openid","https://www.googleapis.com/auth/cloudplatformprojects.readonly","https://www.googleapis.com/auth/firebase","https://www.googleapis.com/auth/cloud-platform"]
[debug] [2019-08-19T21:12:54.038Z] > authorizing via signed-in user
[debug] [2019-08-19T21:12:54.038Z] [iam] checking project cdn-lapointeducul for permissions ["cloudfunctions.functions.create","cloudfunctions.functions.delete","cloudfunctions.functions.get","cloudfunctions.functions.list","cloudfunctions.functions.update","cloudfunctions.operations.get","datastore.indexes.create","datastore.indexes.delete","datastore.indexes.list","datastore.indexes.update","firebase.projects.get","firebasedatabase.instances.update","firebasehosting.sites.update","firebaserules.releases.create","firebaserules.releases.update","firebaserules.rulesets.create"]
[debug] [2019-08-19T21:12:54.039Z] >>> HTTP REQUEST POST https://cloudresourcemanager.googleapis.com/v1/projects/cdn-lapointeducul:testIamPermissions  

[debug] [2019-08-19T21:12:54.744Z] <<< HTTP RESPONSE 200
[debug] [2019-08-19T21:12:54.745Z] >>> HTTP REQUEST GET https://firebase.googleapis.com/v1beta1/projects/cdn-lapointeducul  
 
[debug] [2019-08-19T21:12:54.921Z] <<< HTTP RESPONSE 200
[warn] !  functions: package.json indicates an outdated version of firebase-functions.
 Please upgrade using npm install --save firebase-functions@latest in your functions directory.
[info] 
[info] === Deploying to 'cdn-lapointeducul'...
[info] 
[info] i  deploying database, storage, firestore, functions, hosting
[info] Running command: npm --prefix "$RESOURCE_DIR" run lint
[info] Running command: npm --prefix "$RESOURCE_DIR" run build
[info] +  functions: Finished running predeploy script.
[info] i  database: checking rules syntax...
[debug] [2019-08-19T21:13:02.299Z] >>> HTTP REQUEST PUT https://cdn-lapointeducul.firebaseio.com/.settings/rules.json?dryRun=true  
 {
  "rules": {
    ".read": "auth != null",
    ".write": "auth != null"
  }
}

[debug] [2019-08-19T21:13:02.780Z] <<< HTTP RESPONSE 200
[info] +  database: rules syntax for database cdn-lapointeducul is valid
[debug] [2019-08-19T21:13:02.782Z] >>> HTTP REQUEST GET https://appengine.googleapis.com/v1/apps/cdn-lapointeducul  
 
[debug] [2019-08-19T21:13:03.841Z] <<< HTTP RESPONSE 200
[info] i  storage: checking storage.rules for compilation errors...
[debug] [2019-08-19T21:13:03.843Z] >>> HTTP REQUEST POST https://firebaserules.googleapis.com/v1/projects/cdn-lapointeducul:test  

[debug] [2019-08-19T21:13:04.533Z] <<< HTTP RESPONSE 200
[info] +  storage: rules file storage.rules compiled successfully
[info] i  firestore: checking firestore.rules for compilation errors...
[info] i  firestore: reading indexes from firestore.indexes.json...
[debug] [2019-08-19T21:13:04.536Z] >>> HTTP REQUEST POST https://firebaserules.googleapis.com/v1/projects/cdn-lapointeducul:test  

[debug] [2019-08-19T21:13:05.217Z] <<< HTTP RESPONSE 200
[info] +  firestore: rules file firestore.rules compiled successfully
[debug] [2019-08-19T21:13:05.220Z] > [functions] package.json contents: {
  "name": "functions",
  "scripts": {
    "lint": "tslint --project tsconfig.json",
    "build": "tsc",
    "serve": "npm run build && firebase serve --only functions",
    "shell": "npm run build && firebase functions:shell",
    "start": "npm run shell",
    "deploy": "firebase deploy --only functions",
    "logs": "firebase functions:log"
  },
  "main": "lib/index.js",
  "dependencies": {
    "firebase-admin": "~7.0.0",
    "firebase-functions": "^2.2.0"
  },
  "devDependencies": {
    "tslint": "^5.12.0",
    "typescript": "^3.2.2"
  },
  "private": true
}
[info] i  functions: ensuring necessary APIs are enabled...
[debug] [2019-08-19T21:13:05.221Z] >>> HTTP REQUEST GET https://servicemanagement.googleapis.com/v1/services/cloudfunctions.googleapis.com/projectSettings/cdn-lapointeducul?view=CONSUMER_VIEW  
 
[debug] [2019-08-19T21:13:05.222Z] >>> HTTP REQUEST GET https://servicemanagement.googleapis.com/v1/services/runtimeconfig.googleapis.com/projectSettings/cdn-lapointeducul?view=CONSUMER_VIEW  
 
[debug] [2019-08-19T21:13:06.398Z] <<< HTTP RESPONSE 200
[info] +  functions: all necessary APIs are enabled
[debug] [2019-08-19T21:13:06.480Z] <<< HTTP RESPONSE 200
[debug] [2019-08-19T21:13:06.481Z] >>> HTTP REQUEST GET https://cloudresourcemanager.googleapis.com/v1/projects/cdn-lapointeducul  
 
[debug] [2019-08-19T21:13:07.148Z] <<< HTTP RESPONSE 200
[debug] [2019-08-19T21:13:07.148Z] >>> HTTP REQUEST GET https://mobilesdk-pa.googleapis.com/v1/projects/402647607443:getServerAppConfig  
 
[debug] [2019-08-19T21:13:07.305Z] <<< HTTP RESPONSE 200
[debug] [2019-08-19T21:13:07.307Z] >>> HTTP REQUEST POST https://firebasehosting.googleapis.com/v1beta1/sites/cdn-lapointeducul/versions  

[debug] [2019-08-19T21:13:08.033Z] <<< HTTP RESPONSE 500
[debug] [2019-08-19T21:13:08.033Z] <<< HTTP RESPONSE BODY
[error] 
[error] Error: HTTP Error: 500, Internal error encountered.
[debug] [2019-08-19T21:13:08.064Z] Error Context: {
  "body": {
    "error": {
      "code": 500,
      "message": "Internal error encountered.",
      "status": "INTERNAL"
    }
  },
  "response": {
    "statusCode": 500,
    "body": {
      "error": {
        "code": 500,
        "message": "Internal error encountered.",
        "status": "INTERNAL"
      }
    },
    "headers": {
      "vary": "X-Origin, Referer, Origin,Accept-Encoding",
      "content-type": "application/json; charset=UTF-8",
      "date": "Mon, 19 Aug 2019 21:13:08 GMT",
      "server": "ESF",
      "cache-control": "private",
      "x-xss-protection": "0",
      "x-frame-options": "SAMEORIGIN",
      "x-content-type-options": "nosniff",
      "alt-svc": "quic=\":443\"; ma=2592000; v=\"46,43,39\"",
      "accept-ranges": "none",
      "transfer-encoding": "chunked"
    },
    "request": {
      "uri": {
        "protocol": "https:",
        "slashes": true,
        "auth": null,
        "host": "firebasehosting.googleapis.com",
        "port": 443,
        "hostname": "firebasehosting.googleapis.com",
        "hash": null,
        "search": null,
        "query": null,
        "pathname": "/v1beta1/sites/cdn-lapointeducul/versions",
        "path": "/v1beta1/sites/cdn-lapointeducul/versions",
        "href": "https://firebasehosting.googleapis.com/v1beta1/sites/cdn-lapointeducul/versions"
      },
      "method": "POST"
    }
  }
}
